# JRE version: Java(TM) SE Runtime Environment (21.0.10+8) (build 21.0.10+8-LTS-217)
# Java VM: Java HotSpot(TM) 64-Bit Server VM (21.0.10+8-LTS-217, mixed mode, sharing, tiered, compressed oops, compressed class ptrs, g1 gc, windows-amd64)
GC Precious Log:
 CardTable entry size: 512
 Card Set container configuration: InlinePtr #cards 5 size 8 Array Of Cards #cards 12 size 40 Howl #buckets 4 coarsen threshold 1843 Howl Bitmap #cards 512 size 80 coarsen threshold 460 Card regions per heap region 1 cards per card region 2048
 CPUs: 8 total, 8 available
 Memory: 7886M
 Large Page Support: Disabled
 NUMA Support: Disabled
 Compressed Oops: Enabled (32-bit)
 Heap Region Size: 1M
 Heap Min Capacity: 8M
 Heap Initial Capacity: 124M
 Heap Max Capacity: 1972M
 Pre-touch: Disabled
 Parallel Workers: 8
 Concurrent Workers: 2
 Concurrent Refinement Workers: 8
 Periodic GC: Disabled
Heap:
 garbage-first heap   total 104448K, used 44978K [0x0000000084c00000, 0x0000000100000000)
  region size 1024K, 4 young (4096K), 4 survivors (4096K)
 Metaspace       used 30086K, committed 30592K, reserved 1114112K
  class space    used 3326K, committed 3584K, reserved 1048576K
GC Heap History (19 events):
Event: 0.475 GC heap before
{Heap before GC invocations=0 (full 0):
 garbage-first heap   total 126976K, used 22528K [0x0000000084c00000, 0x0000000100000000)
  region size 1024K, 23 young (23552K), 0 survivors (0K)
 Metaspace       used 5617K, committed 5888K, reserved 1114112K
  class space    used 646K, committed 768K, reserved 1048576K
}
Event: 0.480 GC heap after
{Heap after GC invocations=1 (full 0):
 garbage-first heap   total 126976K, used 3712K [0x0000000084c00000, 0x0000000100000000)
  region size 1024K, 3 young (3072K), 3 survivors (3072K)
 Metaspace       used 5617K, committed 5888K, reserved 1114112K
  class space    used 646K, committed 768K, reserved 1048576K
}
Event: 0.885 GC heap before
{Heap before GC invocations=1 (full 0):
 garbage-first heap   total 126976K, used 35456K [0x0000000084c00000, 0x0000000100000000)
  region size 1024K, 34 young (34816K), 3 survivors (3072K)
 Metaspace       used 9582K, committed 9728K, reserved 1114112K
  class space    used 1125K, committed 1216K, reserved 1048576K
}
Event: 0.891 GC heap after
{Heap after GC invocations=2 (full 0):
 garbage-first heap   total 126976K, used 5480K [0x0000000084c00000, 0x0000000100000000)
  region size 1024K, 2 young (2048K), 2 survivors (2048K)
 Metaspace       used 9582K, committed 9728K, reserved 1114112K
  class space    used 1125K, committed 1216K, reserved 1048576K
}
Event: 1.937 GC heap before
{Heap before GC invocations=2 (full 0):
 garbage-first heap   total 126976K, used 79208K [0x0000000084c00000, 0x0000000100000000)
  region size 1024K, 74 young (75776K), 2 survivors (2048K)
 Metaspace       used 15693K, committed 16000K, reserved 1114112K
  class space    used 1818K, committed 1920K, reserved 1048576K
}
Event: 1.953 GC heap after
{Heap after GC invocations=3 (full 0):
 garbage-first heap   total 126976K, used 13382K [0x0000000084c00000, 0x0000000100000000)
  region size 1024K, 10 young (10240K), 10 survivors (10240K)
 Metaspace       used 15693K, committed 16000K, reserved 1114112K
  class space    used 1818K, committed 1920K, reserved 1048576K
}
Event: 3.091 GC heap before
{Heap before GC invocations=3 (full 0):
 garbage-first heap   total 126976K, used 117830K [0x0000000084c00000, 0x0000000100000000)
  region size 1024K, 74 young (75776K), 10 survivors (10240K)
 Metaspace       used 20069K, committed 20416K, reserved 1114112K
  class space    used 2271K, committed 2432K, reserved 1048576K
}
Event: 3.109 GC heap after
{Heap after GC invocations=4 (full 0):
 garbage-first heap   total 133120K, used 23552K [0x0000000084c00000, 0x0000000100000000)
  region size 1024K, 5 young (5120K), 5 survivors (5120K)
 Metaspace       used 20069K, committed 20416K, reserved 1114112K
  class space    used 2271K, committed 2432K, reserved 1048576K
}
Event: 3.155 GC heap before
{Heap before GC invocations=4 (full 0):
 garbage-first heap   total 133120K, used 27648K [0x0000000084c00000, 0x0000000100000000)
  region size 1024K, 10 young (10240K), 5 survivors (5120K)
 Metaspace       used 21242K, committed 21504K, reserved 1114112K
  class space    used 2440K, committed 2560K, reserved 1048576K
}
Event: 3.160 GC heap after
{Heap after GC invocations=5 (full 0):
 garbage-first heap   total 159744K, used 22875K [0x0000000084c00000, 0x0000000100000000)
  region size 1024K, 8 young (8192K), 8 survivors (8192K)
 Metaspace       used 21242K, committed 21504K, reserved 1114112K
  class space    used 2440K, committed 2560K, reserved 1048576K
}
Event: 3.800 GC heap before
{Heap before GC invocations=6 (full 0):
 garbage-first heap   total 81920K, used 81243K [0x0000000084c00000, 0x0000000100000000)
  region size 1024K, 64 young (65536K), 8 survivors (8192K)
 Metaspace       used 26705K, committed 27072K, reserved 1114112K
  class space    used 2984K, committed 3136K, reserved 1048576K
}
Event: 3.822 GC heap after
{Heap after GC invocations=7 (full 0):
 garbage-first heap   total 104448K, used 38400K [0x0000000084c00000, 0x0000000100000000)
  region size 1024K, 9 young (9216K), 9 survivors (9216K)
 Metaspace       used 26705K, committed 27072K, reserved 1114112K
  class space    used 2984K, committed 3136K, reserved 1048576K
}
Event: 4.214 GC heap before
{Heap before GC invocations=7 (full 0):
 garbage-first heap   total 104448K, used 68096K [0x0000000084c00000, 0x0000000100000000)
  region size 1024K, 39 young (39936K), 9 survivors (9216K)
 Metaspace       used 28341K, committed 28736K, reserved 1114112K
  class space    used 3132K, committed 3328K, reserved 1048576K
}
Event: 4.235 GC heap after
{Heap after GC invocations=8 (full 0):
 garbage-first heap   total 104448K, used 41472K [0x0000000084c00000, 0x0000000100000000)
  region size 1024K, 3 young (3072K), 3 survivors (3072K)
 Metaspace       used 28341K, committed 28736K, reserved 1114112K
  class space    used 3132K, committed 3328K, reserved 1048576K
}
Event: 4.541 GC heap before
{Heap before GC invocations=8 (full 0):
 garbage-first heap   total 104448K, used 73216K [0x0000000084c00000, 0x0000000100000000)
  region size 1024K, 34 young (34816K), 3 survivors (3072K)
 Metaspace       used 29566K, committed 30080K, reserved 1114112K
  class space    used 3282K, committed 3520K, reserved 1048576K
}
Event: 4.546 GC heap after
{Heap after GC invocations=9 (full 0):
 garbage-first heap   total 104448K, used 41650K [0x0000000084c00000, 0x0000000100000000)
  region size 1024K, 3 young (3072K), 3 survivors (3072K)
 Metaspace       used 29566K, committed 30080K, reserved 1114112K
  class space    used 3282K, committed 3520K, reserved 1048576K
}
Event: 4.749 GC heap before
{Heap before GC invocations=9 (full 0):
 garbage-first heap   total 104448K, used 76466K [0x0000000084c00000, 0x0000000100000000)
  region size 1024K, 37 young (37888K), 3 survivors (3072K)
 Metaspace       used 29969K, committed 30464K, reserved 1114112K
  class space    used 3319K, committed 3584K, reserved 1048576K
}
Event: 4.756 GC heap after
{Heap after GC invocations=10 (full 0):
 garbage-first heap   total 104448K, used 43587K [0x0000000084c00000, 0x0000000100000000)
  region size 1024K, 3 young (3072K), 3 survivors (3072K)
 Metaspace       used 29969K, committed 30464K, reserved 1114112K
  class space    used 3319K, committed 3584K, reserved 1048576K
}
Event: 4.887 GC heap before
{Heap before GC invocations=10 (full 0):
 garbage-first heap   total 104448K, used 80451K [0x0000000084c00000, 0x0000000100000000)
  region size 1024K, 39 young (39936K), 3 survivors (3072K)
 Metaspace       used 30086K, committed 30592K, reserved 1114112K
  class space    used 3326K, committed 3584K, reserved 1048576K
}

