# JRE version: Java(TM) SE Runtime Environment (21.0.10+8) (build 21.0.10+8-LTS-217)
# Java VM: Java HotSpot(TM) 64-Bit Server VM (21.0.10+8-LTS-217, mixed mode, sharing, tiered, compressed oops, compressed class ptrs, g1 gc, windows-amd64)
GC Precious Log:
 CardTable entry size: 512
 Card Set container configuration: InlinePtr #cards 5 size 8 Array Of Cards #cards 12 size 40 Howl #buckets 4 coarsen threshold 1843 Howl Bitmap #cards 512 size 80 coarsen threshold 460 Card regions per heap region 1 cards per card region 2048
 CPUs: 8 total, 8 available
 Memory: 7886M
 Large Page Support: Disabled
 NUMA Support: Disabled
 Compressed Oops: Enabled (32-bit)
 Heap Region Size: 1M
 Heap Min Capacity: 8M
 Heap Initial Capacity: 124M
 Heap Max Capacity: 1972M
 Pre-touch: Disabled
 Parallel Workers: 8
 Concurrent Workers: 2
 Concurrent Refinement Workers: 8
 Periodic GC: Disabled
Heap:
 garbage-first heap   total 148480K, used 117582K [0x0000000084c00000, 0x0000000100000000)
  region size 1024K, 71 young (72704K), 7 survivors (7168K)
 Metaspace       used 33267K, committed 33856K, reserved 1114112K
  class space    used 3622K, committed 3904K, reserved 1048576K
GC Heap History (20 events):
Event: 0.876 GC heap before
{Heap before GC invocations=1 (full 0):
 garbage-first heap   total 126976K, used 35520K [0x0000000084c00000, 0x0000000100000000)
  region size 1024K, 34 young (34816K), 3 survivors (3072K)
 Metaspace       used 9650K, committed 9792K, reserved 1114112K
  class space    used 1136K, committed 1216K, reserved 1048576K
}
Event: 0.882 GC heap after
{Heap after GC invocations=2 (full 0):
 garbage-first heap   total 126976K, used 5539K [0x0000000084c00000, 0x0000000100000000)
  region size 1024K, 2 young (2048K), 2 survivors (2048K)
 Metaspace       used 9650K, committed 9792K, reserved 1114112K
  class space    used 1136K, committed 1216K, reserved 1048576K
}
Event: 1.927 GC heap before
{Heap before GC invocations=2 (full 0):
 garbage-first heap   total 126976K, used 79267K [0x0000000084c00000, 0x0000000100000000)
  region size 1024K, 74 young (75776K), 2 survivors (2048K)
 Metaspace       used 15725K, committed 16000K, reserved 1114112K
  class space    used 1825K, committed 1920K, reserved 1048576K
}
Event: 1.939 GC heap after
{Heap after GC invocations=3 (full 0):
 garbage-first heap   total 126976K, used 14245K [0x0000000084c00000, 0x0000000100000000)
  region size 1024K, 10 young (10240K), 10 survivors (10240K)
 Metaspace       used 15725K, committed 16000K, reserved 1114112K
  class space    used 1825K, committed 1920K, reserved 1048576K
}
Event: 3.011 GC heap before
{Heap before GC invocations=3 (full 0):
 garbage-first heap   total 126976K, used 80805K [0x0000000084c00000, 0x0000000100000000)
  region size 1024K, 74 young (75776K), 10 survivors (10240K)
 Metaspace       used 19988K, committed 20288K, reserved 1114112K
  class space    used 2253K, committed 2432K, reserved 1048576K
}
Event: 3.026 GC heap after
{Heap after GC invocations=4 (full 0):
 garbage-first heap   total 126976K, used 17298K [0x0000000084c00000, 0x0000000100000000)
  region size 1024K, 4 young (4096K), 4 survivors (4096K)
 Metaspace       used 19988K, committed 20288K, reserved 1114112K
  class space    used 2253K, committed 2432K, reserved 1048576K
}
Event: 3.129 GC heap before
{Heap before GC invocations=4 (full 0):
 garbage-first heap   total 126976K, used 34706K [0x0000000084c00000, 0x0000000100000000)
  region size 1024K, 16 young (16384K), 4 survivors (4096K)
 Metaspace       used 21231K, committed 21504K, reserved 1114112K
  class space    used 2439K, committed 2560K, reserved 1048576K
}
Event: 3.135 GC heap after
{Heap after GC invocations=5 (full 0):
 garbage-first heap   total 152576K, used 27538K [0x0000000084c00000, 0x0000000100000000)
  region size 1024K, 8 young (8192K), 8 survivors (8192K)
 Metaspace       used 21231K, committed 21504K, reserved 1114112K
  class space    used 2439K, committed 2560K, reserved 1048576K
}
Event: 4.210 GC heap before
{Heap before GC invocations=6 (full 0):
 garbage-first heap   total 96256K, used 96146K [0x0000000084c00000, 0x0000000100000000)
  region size 1024K, 74 young (75776K), 8 survivors (8192K)
 Metaspace       used 27195K, committed 27520K, reserved 1114112K
  class space    used 3020K, committed 3200K, reserved 1048576K
}
Event: 4.251 GC heap after
{Heap after GC invocations=7 (full 0):
 garbage-first heap   total 119808K, used 40795K [0x0000000084c00000, 0x0000000100000000)
  region size 1024K, 12 young (12288K), 12 survivors (12288K)
 Metaspace       used 27195K, committed 27520K, reserved 1114112K
  class space    used 3020K, committed 3200K, reserved 1048576K
}
Event: 4.990 GC heap before
{Heap before GC invocations=7 (full 0):
 garbage-first heap   total 119808K, used 95067K [0x0000000084c00000, 0x0000000100000000)
  region size 1024K, 66 young (67584K), 12 survivors (12288K)
 Metaspace       used 29850K, committed 30400K, reserved 1114112K
  class space    used 3314K, committed 3584K, reserved 1048576K
}
Event: 5.011 GC heap after
{Heap after GC invocations=8 (full 0):
 garbage-first heap   total 119808K, used 42496K [0x0000000084c00000, 0x0000000100000000)
  region size 1024K, 2 young (2048K), 2 survivors (2048K)
 Metaspace       used 29850K, committed 30400K, reserved 1114112K
  class space    used 3314K, committed 3584K, reserved 1048576K
}
Event: 5.310 GC heap before
{Heap before GC invocations=8 (full 0):
 garbage-first heap   total 119808K, used 98816K [0x0000000084c00000, 0x0000000100000000)
  region size 1024K, 57 young (58368K), 2 survivors (2048K)
 Metaspace       used 30294K, committed 30784K, reserved 1114112K
  class space    used 3349K, committed 3584K, reserved 1048576K
}
Event: 5.317 GC heap after
{Heap after GC invocations=9 (full 0):
 garbage-first heap   total 119808K, used 44296K [0x0000000084c00000, 0x0000000100000000)
  region size 1024K, 4 young (4096K), 4 survivors (4096K)
 Metaspace       used 30294K, committed 30784K, reserved 1114112K
  class space    used 3349K, committed 3584K, reserved 1048576K
}
Event: 5.502 GC heap before
{Heap before GC invocations=9 (full 0):
 garbage-first heap   total 119808K, used 101640K [0x0000000084c00000, 0x0000000100000000)
  region size 1024K, 60 young (61440K), 4 survivors (4096K)
 Metaspace       used 30379K, committed 30912K, reserved 1114112K
  class space    used 3354K, committed 3648K, reserved 1048576K
}
Event: 5.511 GC heap after
{Heap after GC invocations=10 (full 0):
 garbage-first heap   total 148480K, used 45947K [0x0000000084c00000, 0x0000000100000000)
  region size 1024K, 6 young (6144K), 6 survivors (6144K)
 Metaspace       used 30379K, committed 30912K, reserved 1114112K
  class space    used 3354K, committed 3648K, reserved 1048576K
}
Event: 5.799 GC heap before
{Heap before GC invocations=10 (full 0):
 garbage-first heap   total 148480K, used 124795K [0x0000000084c00000, 0x0000000100000000)
  region size 1024K, 83 young (84992K), 6 survivors (6144K)
 Metaspace       used 30522K, committed 31104K, reserved 1114112K
  class space    used 3357K, committed 3648K, reserved 1048576K
}
Event: 5.806 GC heap after
{Heap after GC invocations=11 (full 0):
 garbage-first heap   total 148480K, used 47432K [0x0000000084c00000, 0x0000000100000000)
  region size 1024K, 7 young (7168K), 7 survivors (7168K)
 Metaspace       used 30522K, committed 31104K, reserved 1114112K
  class space    used 3357K, committed 3648K, reserved 1048576K
}
Event: 6.498 GC heap before
{Heap before GC invocations=11 (full 0):
 garbage-first heap   total 148480K, used 129352K [0x0000000084c00000, 0x0000000100000000)
  region size 1024K, 87 young (89088K), 7 survivors (7168K)
 Metaspace       used 32597K, committed 33152K, reserved 1114112K
  class space    used 3596K, committed 3840K, reserved 1048576K
}
Event: 6.509 GC heap after
{Heap after GC invocations=12 (full 0):
 garbage-first heap   total 148480K, used 48974K [0x0000000084c00000, 0x0000000100000000)
  region size 1024K, 7 young (7168K), 7 survivors (7168K)
 Metaspace       used 32597K, committed 33152K, reserved 1114112K
  class space    used 3596K, committed 3840K, reserved 1048576K
}

