# JRE version: Java(TM) SE Runtime Environment (21.0.10+8) (build 21.0.10+8-LTS-217)
# Java VM: Java HotSpot(TM) 64-Bit Server VM (21.0.10+8-LTS-217, mixed mode, emulated-client, sharing, tiered, compressed oops, compressed class ptrs, g1 gc, windows-amd64)
GC Precious Log:
 CardTable entry size: 512
 Card Set container configuration: InlinePtr #cards 5 size 8 Array Of Cards #cards 12 size 40 Howl #buckets 4 coarsen threshold 1843 Howl Bitmap #cards 512 size 80 coarsen threshold 460 Card regions per heap region 1 cards per card region 2048
 CPUs: 8 total, 8 available
 Memory: 7886M
 Large Page Support: Disabled
 NUMA Support: Disabled
 Compressed Oops: Enabled (32-bit)
 Heap Region Size: 1M
 Heap Min Capacity: 8M
 Heap Initial Capacity: 124M
 Heap Max Capacity: 1972M
 Pre-touch: Disabled
 Parallel Workers: 8
 Concurrent Workers: 2
 Concurrent Refinement Workers: 8
 Periodic GC: Disabled
Heap:
 garbage-first heap   total 147456K, used 93263K [0x0000000084c00000, 0x0000000100000000)
  region size 1024K, 44 young (45056K), 5 survivors (5120K)
 Metaspace       used 94673K, committed 95744K, reserved 1179648K
  class space    used 13110K, committed 13632K, reserved 1048576K
GC Heap History (20 events):
Event: 219.230 GC heap after
{Heap after GC invocations=41 (full 3):
 garbage-first heap   total 133120K, used 50365K [0x0000000084c00000, 0x0000000100000000)
  region size 1024K, 5 young (5120K), 5 survivors (5120K)
 Metaspace       used 88873K, committed 89792K, reserved 1179648K
  class space    used 12604K, committed 13056K, reserved 1048576K
}
Event: 220.968 GC heap before
{Heap before GC invocations=41 (full 3):
 garbage-first heap   total 133120K, used 98493K [0x0000000084c00000, 0x0000000100000000)
  region size 1024K, 53 young (54272K), 5 survivors (5120K)
 Metaspace       used 89118K, committed 90048K, reserved 1179648K
  class space    used 12628K, committed 13056K, reserved 1048576K
}
Event: 221.013 GC heap after
{Heap after GC invocations=42 (full 4):
 garbage-first heap   total 133120K, used 41540K [0x0000000084c00000, 0x0000000100000000)
  region size 1024K, 0 young (0K), 0 survivors (0K)
 Metaspace       used 89046K, committed 90048K, reserved 1179648K
  class space    used 12618K, committed 13056K, reserved 1048576K
}
Event: 221.633 GC heap before
{Heap before GC invocations=42 (full 4):
 garbage-first heap   total 133120K, used 112196K [0x0000000084c00000, 0x0000000100000000)
  region size 1024K, 70 young (71680K), 0 survivors (0K)
 Metaspace       used 89536K, committed 90496K, reserved 1179648K
  class space    used 12668K, committed 13120K, reserved 1048576K
}
Event: 221.637 GC heap after
{Heap after GC invocations=43 (full 4):
 garbage-first heap   total 184320K, used 47602K [0x0000000084c00000, 0x0000000100000000)
  region size 1024K, 6 young (6144K), 6 survivors (6144K)
 Metaspace       used 89536K, committed 90496K, reserved 1179648K
  class space    used 12668K, committed 13120K, reserved 1048576K
}
Event: 222.444 GC heap before
{Heap before GC invocations=44 (full 4):
 garbage-first heap   total 184320K, used 152050K [0x0000000084c00000, 0x0000000100000000)
  region size 1024K, 108 young (110592K), 6 survivors (6144K)
 Metaspace       used 90974K, committed 91968K, reserved 1179648K
  class space    used 12789K, committed 13248K, reserved 1048576K
}
Event: 222.450 GC heap after
{Heap after GC invocations=45 (full 4):
 garbage-first heap   total 184320K, used 52556K [0x0000000084c00000, 0x0000000100000000)
  region size 1024K, 11 young (11264K), 11 survivors (11264K)
 Metaspace       used 90974K, committed 91968K, reserved 1179648K
  class space    used 12789K, committed 13248K, reserved 1048576K
}
Event: 223.978 GC heap before
{Heap before GC invocations=45 (full 4):
 garbage-first heap   total 184320K, used 65868K [0x0000000084c00000, 0x0000000100000000)
  region size 1024K, 25 young (25600K), 11 survivors (11264K)
 Metaspace       used 90977K, committed 91968K, reserved 1179648K
  class space    used 12790K, committed 13248K, reserved 1048576K
}
Event: 224.027 GC heap after
{Heap after GC invocations=46 (full 5):
 garbage-first heap   total 147456K, used 42633K [0x0000000084c00000, 0x0000000100000000)
  region size 1024K, 0 young (0K), 0 survivors (0K)
 Metaspace       used 90905K, committed 91968K, reserved 1179648K
  class space    used 12780K, committed 13248K, reserved 1048576K
}
Event: 224.577 GC heap before
{Heap before GC invocations=46 (full 5):
 garbage-first heap   total 147456K, used 125577K [0x0000000084c00000, 0x0000000100000000)
  region size 1024K, 82 young (83968K), 0 survivors (0K)
 Metaspace       used 91490K, committed 92480K, reserved 1179648K
  class space    used 12840K, committed 13312K, reserved 1048576K
}
Event: 224.582 GC heap after
{Heap after GC invocations=47 (full 5):
 garbage-first heap   total 147456K, used 49662K [0x0000000084c00000, 0x0000000100000000)
  region size 1024K, 7 young (7168K), 7 survivors (7168K)
 Metaspace       used 91490K, committed 92480K, reserved 1179648K
  class space    used 12840K, committed 13312K, reserved 1048576K
}
Event: 225.121 GC heap before
{Heap before GC invocations=48 (full 5):
 garbage-first heap   total 147456K, used 128510K [0x0000000084c00000, 0x0000000100000000)
  region size 1024K, 84 young (86016K), 7 survivors (7168K)
 Metaspace       used 92831K, committed 93952K, reserved 1179648K
  class space    used 12953K, committed 13504K, reserved 1048576K
}
Event: 225.126 GC heap after
{Heap after GC invocations=49 (full 5):
 garbage-first heap   total 147456K, used 53415K [0x0000000084c00000, 0x0000000100000000)
  region size 1024K, 5 young (5120K), 5 survivors (5120K)
 Metaspace       used 92831K, committed 93952K, reserved 1179648K
  class space    used 12953K, committed 13504K, reserved 1048576K
}
Event: 227.723 GC heap before
{Heap before GC invocations=49 (full 5):
 garbage-first heap   total 147456K, used 79015K [0x0000000084c00000, 0x0000000100000000)
  region size 1024K, 31 young (31744K), 5 survivors (5120K)
 Metaspace       used 92835K, committed 93952K, reserved 1179648K
  class space    used 12954K, committed 13504K, reserved 1048576K
}
Event: 227.773 GC heap after
{Heap after GC invocations=50 (full 6):
 garbage-first heap   total 147456K, used 43737K [0x0000000084c00000, 0x0000000100000000)
  region size 1024K, 0 young (0K), 0 survivors (0K)
 Metaspace       used 92763K, committed 93952K, reserved 1179648K
  class space    used 12944K, committed 13504K, reserved 1048576K
}
Event: 228.374 GC heap before
{Heap before GC invocations=50 (full 6):
 garbage-first heap   total 147456K, used 125657K [0x0000000084c00000, 0x0000000100000000)
  region size 1024K, 81 young (82944K), 0 survivors (0K)
 Metaspace       used 93342K, committed 94400K, reserved 1179648K
  class space    used 13002K, committed 13504K, reserved 1048576K
}
Event: 228.379 GC heap after
{Heap after GC invocations=51 (full 6):
 garbage-first heap   total 147456K, used 49820K [0x0000000084c00000, 0x0000000100000000)
  region size 1024K, 6 young (6144K), 6 survivors (6144K)
 Metaspace       used 93342K, committed 94400K, reserved 1179648K
  class space    used 13002K, committed 13504K, reserved 1048576K
}
Event: 229.046 GC heap before
{Heap before GC invocations=52 (full 6):
 garbage-first heap   total 147456K, used 127644K [0x0000000084c00000, 0x0000000100000000)
  region size 1024K, 82 young (83968K), 6 survivors (6144K)
 Metaspace       used 94670K, committed 95744K, reserved 1179648K
  class space    used 13109K, committed 13632K, reserved 1048576K
}
Event: 229.056 GC heap after
{Heap after GC invocations=53 (full 6):
 garbage-first heap   total 147456K, used 54351K [0x0000000084c00000, 0x0000000100000000)
  region size 1024K, 5 young (5120K), 5 survivors (5120K)
 Metaspace       used 94670K, committed 95744K, reserved 1179648K
  class space    used 13109K, committed 13632K, reserved 1048576K
}
Event: 307.356 GC heap before
{Heap before GC invocations=53 (full 6):
 garbage-first heap   total 147456K, used 93263K [0x0000000084c00000, 0x0000000100000000)
  region size 1024K, 44 young (45056K), 5 survivors (5120K)
 Metaspace       used 94673K, committed 95744K, reserved 1179648K
  class space    used 13110K, committed 13632K, reserved 1048576K
}

